<testsuite name="Django Project Tests" errors="0" failures="0" skips="0" tests="9" time="2.066"><testcase time="0.090949" classname="Authentication.tests.Parenttest" name="test_signup_parent" /><testcase time="0.003997" classname="Authentication.tests.SignUptest" name="test_login" /><testcase time="0.003998" classname="Authentication.tests.SignUptest" name="test_signupuser" /><testcase time="0.213898" classname="HomePage.tests.HomepageTestCase" name="test_adminPage" /><testcase time="0.181914" classname="HomePage.tests.HomepageTestCase" name="test_animals_can_speak" /><testcase time="0.241860" classname="HomePage.tests.HomepageTestCase" name="test_homePage" /><testcase time="0.442765" classname="HomePage.tests.PatrolManagementTest" name="test_patrolManagement_add_patrol" /><testcase time="0.441766" classname="HomePage.tests.PatrolManagementTest" name="test_patrolManagement_is_manager" /><testcase time="0.417758" classname="HomePage.tests.PatrolManagementTest" name="test_patrolManagement_not_manager" /></testsuite>